core/common/build/intermediates/manifest_merge_blame_file/debug/manifest-merger-blame-debug-report.txt
1<?xml version="1.0" encoding="utf-8"?>
2<manifest xmlns:android="http://schemas.android.com/apk/res/android"
3    package="com.bankly.core.common" >
4
5    <uses-sdk android:minSdkVersion="29" />
5-->ProcessLibraryManifest/debug/tempAndroidManifest15249537173370038943.xml
6
7</manifest>